{
  "sent_message": {
    "edges": [
      {
        "edgeDescription": "edge",
        "edgeId": "1",
        "startNodeId": "1",
        "endNodeId": "node3",
        "maxSpeed": 0.1,
        "orientation": 3.141592653589793,
        "released": true,
        "rotationAllowed": true,
        "sequenceId": 1
      }
    ],
    "headerId": 1769863955832,
    "manufacturer": "hikrobotics",
    "nodes": [
      {
        "nodeDescription": "",
        "nodeId": "1",
        "nodePosition": {
          "allowedDeviationTheta": 6.28,
          "allowedDeviationXy": 0.7,
          "mapDescription": "default",
          "x": 50.702,
          "y": 23.145,
          "theta": -1.5465886100697352,
          "mapId": "XX"
        },
        "released": true,
        "sequenceId": 0,
        "actions": [
          {
            "actionType": "detectObject",
            "actionId": "detect-7710f1",
            "actionDescription": "",
            "blockingType": "HARD",
            "actionParameters": [
              {
                "key": "objectType",
                "value": "pallet"
              }
            ]
          }
        ]
      },
      {
        "nodeDescription": "",
        "nodeId": "node3",
        "nodePosition": {
          "allowedDeviationTheta": 6.28,
          "allowedDeviationXy": 0.7,
          "mapDescription": "default",
          "mapId": "XX",
          "x": 50.66327143607556,
          "y": 24.74453121205444,
          "theta": -1.5465886100697352
        },
        "released": true,
        "sequenceId": 2,
        "actions": [
          {
            "actionType": "pick",
            "actionId": "pick-7dda3e",
            "actionDescription": "",
            "blockingType": "HARD",
            "actionParameters": [
              {
                "key": "loadId",
                "value": "0"
              },
              {
                "key": "stationType",
                "value": "floor"
              },
              {
                "key": "loadType",
                "value": "8"
              },
              {
                "key": "height",
                "value": 0.135
              }
            ]
          }
        ]
      }
    ],
    "orderId": "189dac3a-6e5d-4540-9507-5e889dc37de2",
    "orderUpdateId": 0,
    "serialNumber": "9190",
    "timeStamp": "2026-01-31T19:52:35+0700",
    "version": "2.0.0",
    "zoneSetId": "XX",
    "timestamp": "2026-01-31T19:52:35+0700"
  },
  "robot_state_later": {
    "headerId": 1311,
    "timestamp": "2026-01-31T19:59:02Z",
    "version": "2.0.0",
    "manufacturer": "Robot",
    "serialNumber": "9190",
    "orderId": "189dac3a-6e5d-4540-9507-5e889dc37de2",
    "orderUpdateId": 0,
    "lastNodeId": "node3",
    "lastNodeSequenceId": 2,
    "zoneSetId": "XX",
    "driving": false,
    "paused": false,
    "newBaseRequest": false,
    "operatingMode": "AUTOMATIC",
    "energyMode": "NORMAL",
    "agvState": "",
    "agvStateCode": 1,
    "nodeStates": [],
    "edgeStates": [],
    "actionStates": [
      {
        "actionId": "detect-7710f1",
        "actionDescription": "",
        "actionType": "detectObject",
        "actionStatus": "FINISHED",
        "resultDescription": ""
      },
      {
        "actionId": "pick-7dda3e",
        "actionDescription": "",
        "actionType": "pick",
        "actionStatus": "FINISHED",
        "resultDescription": ""
      }
    ],
    "errors": [],
    "agvPosition": {
      "x": 50.598,
      "y": 25.031,
      "theta": -1.5433073910759858,
      "mapId": "XX",
      "positionInitialized": true,
      "localizationScore": 0.822
    },
    "velocity": {
      "vx": 0,
      "vy": 0,
      "omega": 0
    },
    "loads": [
      {
        "loadId": "0",
        "loadType": "0",
        "loadPosition": "",
        "boundingBoxReference": {
          "x": 0.364,
          "y": 0,
          "z": 0,
          "theta": 0
        },
        "loadDimensions": {
          "length": 1.4,
          "width": 1.4,
          "height": 0.08
        }
      }
    ],
    "batteryState": {
      "batteryCharge": 31,
      "charging": false,
      "batteryVoltage": 52.08
    },
    "safetyState": {
      "eStop": "NONE",
      "fieldViolation": false
    },
    "forkState": {
      "liftHeight": 0.27
    },
    "information": [
      {
        "infoType": "networkInfo",
        "infoLevel": "INFO",
        "infoDescription": "network info",
        "infoReferences": [
          {
            "referenceKey": "wirelessIp",
            "referenceValue": "172.16.0.91"
          }
        ]
      }
    ]
  }
}