{
  "sent_message": {
    "edges": [
      {
        "edgeDescription": "edge",
        "edgeId": "1",
        "startNodeId": "1",
        "endNodeId": "node3",
        "maxSpeed": 0.1,
        "orientation": 3.141592653589793,
        "released": true,
        "rotationAllowed": true,
        "sequenceId": 1
      }
    ],
    "headerId": 1769858705970,
    "manufacturer": "hikrobotics",
    "nodes": [
      {
        "nodeDescription": "",
        "nodeId": "1",
        "nodePosition": {
          "allowedDeviationTheta": 6.28,
          "allowedDeviationXy": 0.7,
          "mapDescription": "default",
          "x": 50.796,
          "y": 23.204,
          "theta": -1.5689288244952626,
          "mapId": "XX"
        },
        "released": true,
        "sequenceId": 0,
        "actions": [
          {
            "actionType": "detectObject",
            "actionId": "detect-55557f",
            "actionDescription": "",
            "blockingType": "HARD",
            "actionParameters": [
              {
                "key": "objectType",
                "value": "pallet"
              }
            ]
          }
        ]
      },
      {
        "nodeDescription": "",
        "nodeId": "node3",
        "nodePosition": {
          "allowedDeviationTheta": 6.28,
          "allowedDeviationXy": 0.7,
          "mapDescription": "default",
          "mapId": "XX",
          "x": 50.79319874817881,
          "y": 24.70399738432713,
          "theta": -1.5689288244952626
        },
        "released": true,
        "sequenceId": 2,
        "actions": [
          {
            "actionType": "pick",
            "actionId": "pick-4130aa",
            "actionDescription": "",
            "blockingType": "HARD",
            "actionParameters": [
              {
                "key": "loadId",
                "value": "0"
              },
              {
                "key": "stationType",
                "value": "floor"
              },
              {
                "key": "loadType",
                "value": "8"
              },
              {
                "key": "height",
                "value": 0.135
              }
            ]
          }
        ]
      }
    ],
    "orderId": "0865b6a9-70b6-4b99-a4be-b5d772c06d7b",
    "orderUpdateId": 0,
    "serialNumber": "9190",
    "timeStamp": "2026-01-31T18:25:05+0700",
    "version": "2.0.0",
    "zoneSetId": "XX",
    "timestamp": "2026-01-31T18:25:05+0700"
  },
  "robot_state_later": {
    "headerId": 919,
    "timestamp": "2026-01-31T18:28:39Z",
    "version": "2.0.0",
    "manufacturer": "Robot",
    "serialNumber": "9190",
    "orderId": "bb9048ac-b43e-40c5-bdc0-79cc22a7fec7",
    "orderUpdateId": 0,
    "lastNodeId": "cd9f444d-6fa1-479b-ab46-213db16c2c0f",
    "lastNodeSequenceId": 2,
    "zoneSetId": "XX",
    "driving": false,
    "paused": false,
    "newBaseRequest": false,
    "operatingMode": "AUTOMATIC",
    "energyMode": "NORMAL",
    "agvState": "",
    "agvStateCode": 1,
    "nodeStates": [],
    "edgeStates": [],
    "actionStates": [
      {
        "actionId": "504f19d2-3ee7-42a3-bfa8-ecab0179aa46",
        "actionDescription": "cancel order",
        "actionType": "cancelOrder",
        "actionStatus": "FINISHED",
        "resultDescription": ""
      },
      {
        "actionId": "735b5f3d-de01-4e32-b3e2-0ff80893a566",
        "actionDescription": "cancel order",
        "actionType": "cancelOrder",
        "actionStatus": "FINISHED",
        "resultDescription": ""
      }
    ],
    "errors": [
      {
        "errorType": "VDA task update failed",
        "errorLevel": "WARNING",
        "errorReferences": [
          {
            "referenceKey": "main_code",
            "referenceValue": "1"
          },
          {
            "referenceKey": "sub_code",
            "referenceValue": "87"
          },
          {
            "referenceKey": "grade",
            "referenceValue": "2"
          },
          {
            "referenceKey": "solution",
            "referenceValue": "\"Check allowedDeviationXY in order. Move vehicle within tolerance and reissue task\""
          }
        ],
        "errorDescription": "Current vehicle position exceeds XY deviation tolerance from task start point  当前任务需求起点(x 50.737±0.020 y 23.34"
      },
      {
        "errorType": "noRouteError",
        "errorLevel": "WARNING",
        "errorReferences": [
          {
            "referenceKey": "nodeId",
            "referenceValue": "58bc6bcb-4099-4b9d-a3ef-5bfc539"
          },
          {
            "referenceKey": "sequenceId",
            "referenceValue": "0"
          },
          {
            "referenceKey": "released",
            "referenceValue": "1"
          },
          {
            "referenceKey": "nodePosition.x",
            "referenceValue": "50.737000"
          },
          {
            "referenceKey": "nodePosition.y",
            "referenceValue": "23.344000"
          },
          {
            "referenceKey": "nodePosition.theta",
            "referenceValue": "-1.533481"
          },
          {
            "referenceKey": "nodePosition.mapId",
            "referenceValue": "XX"
          },
          {
            "referenceKey": "nodePosition.deviationXY",
            "referenceValue": "0.020000"
          },
          {
            "referenceKey": "nodePosition.deviationTheta",
            "referenceValue": "3.141593"
          }
        ],
        "errorDescription": "Current vehicle position exceeds XY deviation tolerance from task start point  当前任务需求起点(x 50.737±0.020 y 23.34"
      }
    ],
    "agvPosition": {
      "x": 50.751,
      "y": 23.155,
      "theta": -1.5138636865948416,
      "mapId": "XX",
      "positionInitialized": true,
      "localizationScore": 0.822
    },
    "velocity": {
      "vx": 0,
      "vy": 0,
      "omega": 0
    },
    "loads": [],
    "batteryState": {
      "batteryCharge": 38,
      "charging": false,
      "batteryVoltage": 52.24
    },
    "safetyState": {
      "eStop": "NONE",
      "fieldViolation": false
    },
    "forkState": {
      "liftHeight": 0.27
    },
    "information": [
      {
        "infoType": "networkInfo",
        "infoLevel": "INFO",
        "infoDescription": "network info",
        "infoReferences": [
          {
            "referenceKey": "wirelessIp",
            "referenceValue": "172.16.0.91"
          }
        ]
      }
    ]
  }
}