{
  "sent_message": {
    "edges": [
      {
        "edgeDescription": "edge",
        "edgeId": "1",
        "startNodeId": "1",
        "endNodeId": "node3",
        "maxSpeed": 0.1,
        "orientation": 3.141592653589793,
        "released": true,
        "rotationAllowed": true,
        "sequenceId": 1
      }
    ],
    "headerId": 1769857082629,
    "manufacturer": "hikrobotics",
    "nodes": [
      {
        "nodeDescription": "",
        "nodeId": "1",
        "nodePosition": {
          "allowedDeviationTheta": 6.28,
          "allowedDeviationXy": 0.7,
          "mapDescription": "default",
          "x": 50.888,
          "y": 23.316,
          "theta": -1.5412828091436725,
          "mapId": "XX"
        },
        "released": true,
        "sequenceId": 0,
        "actions": [
          {
            "actionType": "detectObject",
            "actionId": "detect-021131",
            "actionDescription": "",
            "blockingType": "HARD",
            "actionParameters": [
              {
                "key": "objectType",
                "value": "pallet"
              }
            ]
          }
        ]
      },
      {
        "nodeDescription": "",
        "nodeId": "node3",
        "nodePosition": {
          "allowedDeviationTheta": 6.28,
          "allowedDeviationXy": 0.7,
          "mapDescription": "default",
          "mapId": "XX",
          "x": 50.849637996808674,
          "y": 24.615433860075665,
          "theta": -1.5412828091436725
        },
        "released": true,
        "sequenceId": 2,
        "actions": [
          {
            "actionType": "pick",
            "actionId": "pick-14bb59",
            "actionDescription": "",
            "blockingType": "HARD",
            "actionParameters": [
              {
                "key": "loadId",
                "value": "0"
              },
              {
                "key": "stationType",
                "value": "floor"
              },
              {
                "key": "loadType",
                "value": "8"
              },
              {
                "key": "height",
                "value": 0.135
              }
            ]
          }
        ]
      }
    ],
    "orderId": "8f80667e-120c-4d32-9eba-c64c8fab609a",
    "orderUpdateId": 0,
    "serialNumber": "9190",
    "timeStamp": "2026-01-31T17:58:02+0700",
    "version": "2.0.0",
    "zoneSetId": "XX",
    "timestamp": "2026-01-31T17:58:02+0700"
  },
  "robot_state_later": {
    "headerId": 65,
    "timestamp": "2026-01-31T17:57:59Z",
    "version": "2.0.0",
    "manufacturer": "Robot",
    "serialNumber": "9190",
    "orderId": "8f80667e-120c-4d32-9eba-c64c8fab609a",
    "orderUpdateId": 0,
    "lastNodeId": "",
    "lastNodeSequenceId": 0,
    "zoneSetId": "XX",
    "driving": false,
    "paused": false,
    "newBaseRequest": true,
    "operatingMode": "AUTOMATIC",
    "energyMode": "NORMAL",
    "agvState": "",
    "agvStateCode": 780,
    "nodeStates": [
      {
        "nodeId": "1",
        "sequenceId": 0,
        "nodeDescription": "",
        "nodePosition": {
          "x": 50.888,
          "y": 23.316,
          "mapId": "XX",
          "mapDescription": "default",
          "theta": -1.5412828091436725
        },
        "released": true
      },
      {
        "nodeId": "node3",
        "sequenceId": 2,
        "nodeDescription": "",
        "nodePosition": {
          "x": 50.849637996808674,
          "y": 24.615433860075665,
          "mapId": "XX",
          "mapDescription": "default",
          "theta": -1.5412828091436725
        },
        "released": true
      }
    ],
    "edgeStates": [
      {
        "edgeId": "1",
        "sequenceId": 1,
        "edgeDescription": "edge",
        "released": true
      }
    ],
    "actionStates": [
      {
        "actionId": "detect-021131",
        "actionDescription": "",
        "actionType": "detectObject",
        "actionStatus": "WAITING",
        "resultDescription": ""
      },
      {
        "actionId": "pick-14bb59",
        "actionDescription": "",
        "actionType": "pick",
        "actionStatus": "WAITING",
        "resultDescription": ""
      }
    ],
    "errors": [
      {
        "errorType": "Rack Not Recognized",
        "errorLevel": "FATAL",
        "errorReferences": [
          {
            "referenceKey": "main_code",
            "referenceValue": "1"
          },
          {
            "referenceKey": "sub_code",
            "referenceValue": "77"
          },
          {
            "referenceKey": "grade",
            "referenceValue": "3"
          },
          {
            "referenceKey": "solution",
            "referenceValue": "Adjust pallet front/rear position and reset. or ask technician"
          }
        ],
        "errorDescription": "Recognition result - excessive forward/backward deviation"
      }
    ],
    "agvPosition": {
      "x": 50.888,
      "y": 23.316,
      "theta": -1.5412828091436725,
      "mapId": "XX",
      "positionInitialized": true,
      "localizationScore": 0.822
    },
    "velocity": {
      "vx": 0,
      "vy": 0,
      "omega": 0
    },
    "loads": [],
    "batteryState": {
      "batteryCharge": 41,
      "charging": false,
      "batteryVoltage": 52.27
    },
    "safetyState": {
      "eStop": "NONE",
      "fieldViolation": false
    },
    "forkState": {
      "liftHeight": 0.175
    },
    "information": [
      {
        "infoType": "networkInfo",
        "infoLevel": "INFO",
        "infoDescription": "network info",
        "infoReferences": [
          {
            "referenceKey": "wirelessIp",
            "referenceValue": "172.16.0.91"
          }
        ]
      }
    ]
  }
}