{
  "sent_message": {
    "edges": [
      {
        "edgeDescription": "edge",
        "edgeId": "1",
        "startNodeId": "1",
        "endNodeId": "node3",
        "maxSpeed": 0.1,
        "orientation": 3.141592653589793,
        "released": true,
        "rotationAllowed": true,
        "sequenceId": 1
      }
    ],
    "headerId": 1769851217707,
    "manufacturer": "hikrobotics",
    "nodes": [
      {
        "nodeDescription": "",
        "nodeId": "1",
        "nodePosition": {
          "allowedDeviationTheta": 6.28,
          "allowedDeviationXy": 0.7,
          "mapDescription": "default",
          "x": 51.007,
          "y": 23.221,
          "theta": -1.5729954416524095,
          "mapId": "XX"
        },
        "released": true,
        "sequenceId": 0,
        "actions": [
          {
            "actionType": "detectObject",
            "actionId": "detect-4e823c",
            "actionDescription": "",
            "blockingType": "HARD",
            "actionParameters": [
              {
                "key": "objectType",
                "value": "pallet"
              }
            ]
          }
        ]
      },
      {
        "nodeDescription": "",
        "nodeId": "node3",
        "nodePosition": {
          "allowedDeviationTheta": 6.28,
          "allowedDeviationXy": 0.7,
          "mapDescription": "default",
          "mapId": "XX",
          "x": 51.01018871397323,
          "y": 24.67099649382445,
          "theta": -1.5729954416524095
        },
        "released": true,
        "sequenceId": 2,
        "actions": [
          {
            "actionType": "pick",
            "actionId": "pick-7200fb",
            "actionDescription": "",
            "blockingType": "HARD",
            "actionParameters": [
              {
                "key": "loadId",
                "value": "0"
              },
              {
                "key": "stationType",
                "value": "floor"
              },
              {
                "key": "loadType",
                "value": "8"
              },
              {
                "key": "height",
                "value": 0.135
              }
            ]
          }
        ]
      }
    ],
    "orderId": "11ca6aec-f059-41fe-b973-4367d35742f8",
    "orderUpdateId": 0,
    "serialNumber": "9190",
    "timeStamp": "2026-01-31T16:20:17+0700",
    "version": "2.0.0",
    "zoneSetId": "XX",
    "timestamp": "2026-01-31T16:20:17+0700"
  },
  "robot_state_later": {
    "headerId": 941,
    "timestamp": "2026-01-31T16:22:54Z",
    "version": "2.0.0",
    "manufacturer": "Robot",
    "serialNumber": "9190",
    "orderId": "11ca6aec-f059-41fe-b973-4367d35742f8",
    "orderUpdateId": 0,
    "lastNodeId": "node3",
    "lastNodeSequenceId": 2,
    "zoneSetId": "XX",
    "driving": false,
    "paused": false,
    "newBaseRequest": false,
    "operatingMode": "AUTOMATIC",
    "energyMode": "NORMAL",
    "agvState": "",
    "agvStateCode": 1,
    "nodeStates": [],
    "edgeStates": [],
    "actionStates": [
      {
        "actionId": "detect-4e823c",
        "actionDescription": "",
        "actionType": "detectObject",
        "actionStatus": "FINISHED",
        "resultDescription": ""
      },
      {
        "actionId": "pick-7200fb",
        "actionDescription": "",
        "actionType": "pick",
        "actionStatus": "FINISHED",
        "resultDescription": ""
      }
    ],
    "errors": [],
    "agvPosition": {
      "x": 50.983,
      "y": 25.23,
      "theta": -1.5663806437873509,
      "mapId": "XX",
      "positionInitialized": true,
      "localizationScore": 0.811
    },
    "velocity": {
      "vx": 0,
      "vy": 0,
      "omega": 0
    },
    "loads": [
      {
        "loadId": "0",
        "loadType": "0",
        "loadPosition": "",
        "boundingBoxReference": {
          "x": 0.489,
          "y": 0,
          "z": 0,
          "theta": 0
        },
        "loadDimensions": {
          "length": 1.15,
          "width": 1.15,
          "height": 0.05
        }
      }
    ],
    "batteryState": {
      "batteryCharge": 48,
      "charging": false,
      "batteryVoltage": 52.27
    },
    "safetyState": {
      "eStop": "NONE",
      "fieldViolation": false
    },
    "forkState": {
      "liftHeight": 0.27
    },
    "information": [
      {
        "infoType": "networkInfo",
        "infoLevel": "INFO",
        "infoDescription": "network info",
        "infoReferences": [
          {
            "referenceKey": "wirelessIp",
            "referenceValue": "172.16.0.91"
          }
        ]
      }
    ]
  }
}