{
  "sent_message": {
    "edges": [
      {
        "edgeDescription": "edge",
        "edgeId": "1",
        "startNodeId": "1",
        "endNodeId": "node3",
        "maxSpeed": 0.1,
        "orientation": 3.141592653589793,
        "released": true,
        "rotationAllowed": true,
        "sequenceId": 1
      }
    ],
    "headerId": 1769860770600,
    "manufacturer": "hikrobotics",
    "nodes": [
      {
        "nodeDescription": "",
        "nodeId": "1",
        "nodePosition": {
          "allowedDeviationTheta": 6.28,
          "allowedDeviationXy": 0.7,
          "mapDescription": "default",
          "x": 50.705,
          "y": 23.186,
          "theta": -1.5541982456084307,
          "mapId": "XX"
        },
        "released": true,
        "sequenceId": 0,
        "actions": [
          {
            "actionType": "detectObject",
            "actionId": "detect-462bf0",
            "actionDescription": "",
            "blockingType": "HARD",
            "actionParameters": [
              {
                "key": "objectType",
                "value": "pallet"
              }
            ]
          }
        ]
      },
      {
        "nodeDescription": "",
        "nodeId": "node3",
        "nodePosition": {
          "allowedDeviationTheta": 6.28,
          "allowedDeviationXy": 0.7,
          "mapDescription": "default",
          "mapId": "XX",
          "x": 50.68093388733597,
          "y": 24.635800269768648,
          "theta": -1.5541982456084307
        },
        "released": true,
        "sequenceId": 2,
        "actions": [
          {
            "actionType": "pick",
            "actionId": "pick-0a8a17",
            "actionDescription": "",
            "blockingType": "HARD",
            "actionParameters": [
              {
                "key": "loadId",
                "value": "0"
              },
              {
                "key": "stationType",
                "value": "floor"
              },
              {
                "key": "loadType",
                "value": "8"
              },
              {
                "key": "height",
                "value": 0.135
              }
            ]
          }
        ]
      }
    ],
    "orderId": "ddcacc5c-7b1a-40fd-a9b8-7aaa6ab28b16",
    "orderUpdateId": 0,
    "serialNumber": "9190",
    "timeStamp": "2026-01-31T18:59:30+0700",
    "version": "2.0.0",
    "zoneSetId": "XX",
    "timestamp": "2026-01-31T18:59:30+0700"
  },
  "robot_state_later": {
    "headerId": 141,
    "timestamp": "2026-01-31T19:02:58Z",
    "version": "2.0.0",
    "manufacturer": "Robot",
    "serialNumber": "9190",
    "orderId": "e5d2177e-f48b-4ba1-9631-7709b983bd46",
    "orderUpdateId": 0,
    "lastNodeId": "763518a8-7979-4999-a02c-db4ac915c947",
    "lastNodeSequenceId": 2,
    "zoneSetId": "XX",
    "driving": false,
    "paused": false,
    "newBaseRequest": false,
    "operatingMode": "AUTOMATIC",
    "energyMode": "NORMAL",
    "agvState": "",
    "agvStateCode": 1,
    "nodeStates": [],
    "edgeStates": [],
    "actionStates": [],
    "errors": [],
    "agvPosition": {
      "x": 50.693,
      "y": 23.164,
      "theta": -1.539362946966479,
      "mapId": "XX",
      "positionInitialized": true,
      "localizationScore": 0.817
    },
    "velocity": {
      "vx": 0,
      "vy": 0,
      "omega": 0
    },
    "loads": [],
    "batteryState": {
      "batteryCharge": 35,
      "charging": false,
      "batteryVoltage": 52.22
    },
    "safetyState": {
      "eStop": "NONE",
      "fieldViolation": false
    },
    "forkState": {
      "liftHeight": 0.27
    },
    "information": [
      {
        "infoType": "networkInfo",
        "infoLevel": "INFO",
        "infoDescription": "network info",
        "infoReferences": [
          {
            "referenceKey": "wirelessIp",
            "referenceValue": "172.16.0.91"
          }
        ]
      }
    ]
  }
}